[ 290488]  ERROR - lij.vcs.log.impl.VcsLogManager - Fatal error, VCS Log recreated: null 
java.io.EOFException
	at java.io.DataInputStream.readUnsignedByte(DataInputStream.java:290)
	at com.intellij.util.io.DataInputOutputUtil.readINT(DataInputOutputUtil.java:44)
	at com.intellij.vcs.log.impl.HashImpl.read(HashImpl.java:48)
	at com.intellij.vcs.log.data.VcsLogHashMapImpl$MyCommitIdKeyDescriptor.read(VcsLogHashMapImpl.java:199)
	at com.intellij.vcs.log.data.VcsLogHashMapImpl$MyCommitIdKeyDescriptor.read(VcsLogHashMapImpl.java:178)
	at com.intellij.util.io.AppendableStorageBackedByResizableMappedFile.read(AppendableStorageBackedByResizableMappedFile.java:82)
	at com.intellij.util.io.PersistentEnumeratorBase.valueOf(PersistentEnumeratorBase.java:471)
	at com.intellij.util.io.PersistentEnumerator.enumerateImpl(PersistentEnumerator.java:139)
	at com.intellij.util.io.PersistentEnumeratorBase.doEnumerate(PersistentEnumeratorBase.java:291)
	at com.intellij.util.io.PersistentEnumeratorBase.enumerate(PersistentEnumeratorBase.java:313)
	at com.intellij.vcs.log.data.VcsLogHashMapImpl.getOrPut(VcsLogHashMapImpl.java:111)
	at com.intellij.vcs.log.data.VcsLogHashMapImpl.getCommitIndex(VcsLogHashMapImpl.java:117)
	at com.intellij.vcs.log.data.TopCommitsCache.getIndex(TopCommitsCache.java:40)
	at com.intellij.vcs.log.data.TopCommitsCache.storeDetails(TopCommitsCache.java:53)
	at com.intellij.vcs.log.data.VcsLogRefresherImpl.storeUsersAndDetails(VcsLogRefresherImpl.java:186)
	at com.intellij.vcs.log.data.VcsLogRefresherImpl.access$400(VcsLogRefresherImpl.java:42)
	at com.intellij.vcs.log.data.VcsLogRefresherImpl$2.each(VcsLogRefresherImpl.java:127)
	at com.intellij.vcs.log.data.VcsLogRefresherImpl$ProviderIterator.iterate(VcsLogRefresherImpl.java:385)
	at com.intellij.vcs.log.data.VcsLogRefresherImpl.loadRecentData(VcsLogRefresherImpl.java:132)
	at com.intellij.vcs.log.data.VcsLogRefresherImpl.readFirstBlock(VcsLogRefresherImpl.java:104)
	at com.intellij.vcs.log.data.VcsLogData.lambda$initialize$3(VcsLogData.java:163)
	at com.intellij.vcs.log.data.VcsLogData$1.run(VcsLogData.java:233)
	at com.intellij.openapi.progress.impl.CoreProgressManager$TaskRunnable.run(CoreProgressManager.java:635)
	at com.intellij.openapi.progress.impl.CoreProgressManager$3.run(CoreProgressManager.java:170)
	at com.intellij.openapi.progress.impl.CoreProgressManager.registerIndicatorAndRun(CoreProgressManager.java:494)
	at com.intellij.openapi.progress.impl.CoreProgressManager.executeProcessUnderProgress(CoreProgressManager.java:443)
	at com.intellij.openapi.progress.impl.ProgressManagerImpl.executeProcessUnderProgress(ProgressManagerImpl.java:54)
	at com.intellij.openapi.progress.impl.CoreProgressManager.runProcess(CoreProgressManager.java:155)
	at com.intellij.openapi.progress.impl.ProgressManagerImpl$1.run(ProgressManagerImpl.java:128)
	at com.intellij.openapi.application.impl.ApplicationImpl$2.run(ApplicationImpl.java:307)
	at java.util.concurrent.Executors$RunnableAdapter.call(Executors.java:511)
	at java.util.concurrent.FutureTask.run(FutureTask.java:266)
	at java.util.concurrent.ThreadPoolExecutor.runWorker(ThreadPoolExecutor.java:1142)
	at java.util.concurrent.ThreadPoolExecutor$Worker.run(ThreadPoolExecutor.java:617)
	at java.lang.Thread.run(Thread.java:745)
[ 290491]  ERROR - lij.vcs.log.impl.VcsLogManager - IntelliJ IDEA 2016.2.5  Build #IC-162.2228.15 
[ 290491]  ERROR - lij.vcs.log.impl.VcsLogManager - JDK: 1.8.0_91 
[ 290491]  ERROR - lij.vcs.log.impl.VcsLogManager - VM: Java HotSpot(TM) 64-Bit Server VM 
[ 290491]  ERROR - lij.vcs.log.impl.VcsLogManager - Vendor: Oracle Corporation 
[ 290492]  ERROR - lij.vcs.log.impl.VcsLogManager - OS: Linux 
[ 290492]  ERROR - lij.vcs.log.impl.VcsLogManager - Last Action: CloseProject 
[ 290631]  ERROR - lij.vcs.log.impl.VcsLogManager - Fatal error, VCS Log recreated: null 
java.io.EOFException
	at java.io.DataInputStream.readUnsignedByte(DataInputStream.java:290)
	at com.intellij.util.io.DataInputOutputUtil.readINT(DataInputOutputUtil.java:44)
	at com.intellij.vcs.log.impl.HashImpl.read(HashImpl.java:48)
	at com.intellij.vcs.log.data.VcsLogHashMapImpl$MyCommitIdKeyDescriptor.read(VcsLogHashMapImpl.java:199)
	at com.intellij.vcs.log.data.VcsLogHashMapImpl$MyCommitIdKeyDescriptor.read(VcsLogHashMapImpl.java:178)
	at com.intellij.util.io.AppendableStorageBackedByResizableMappedFile.read(AppendableStorageBackedByResizableMappedFile.java:82)
	at com.intellij.util.io.PersistentEnumeratorBase.valueOf(PersistentEnumeratorBase.java:471)
	at com.intellij.util.io.PersistentEnumerator.enumerateImpl(PersistentEnumerator.java:139)
	at com.intellij.util.io.PersistentEnumeratorBase.doEnumerate(PersistentEnumeratorBase.java:291)
	at com.intellij.util.io.PersistentEnumeratorBase.enumerate(PersistentEnumeratorBase.java:313)
	at com.intellij.vcs.log.data.VcsLogHashMapImpl.getOrPut(VcsLogHashMapImpl.java:111)
	at com.intellij.vcs.log.data.VcsLogHashMapImpl.getCommitIndex(VcsLogHashMapImpl.java:117)
	at com.intellij.vcs.log.data.TopCommitsCache.getIndex(TopCommitsCache.java:40)
	at com.intellij.vcs.log.data.TopCommitsCache.storeDetails(TopCommitsCache.java:53)
	at com.intellij.vcs.log.data.VcsLogRefresherImpl.storeUsersAndDetails(VcsLogRefresherImpl.java:186)
	at com.intellij.vcs.log.data.VcsLogRefresherImpl.access$400(VcsLogRefresherImpl.java:42)
	at com.intellij.vcs.log.data.VcsLogRefresherImpl$2.each(VcsLogRefresherImpl.java:127)
	at com.intellij.vcs.log.data.VcsLogRefresherImpl$ProviderIterator.iterate(VcsLogRefresherImpl.java:385)
	at com.intellij.vcs.log.data.VcsLogRefresherImpl.loadRecentData(VcsLogRefresherImpl.java:132)
	at com.intellij.vcs.log.data.VcsLogRefresherImpl.readFirstBlock(VcsLogRefresherImpl.java:104)
	at com.intellij.vcs.log.data.VcsLogData.lambda$initialize$3(VcsLogData.java:163)
	at com.intellij.vcs.log.data.VcsLogData$1.run(VcsLogData.java:233)
	at com.intellij.openapi.progress.impl.CoreProgressManager$TaskRunnable.run(CoreProgressManager.java:635)
	at com.intellij.openapi.progress.impl.CoreProgressManager$3.run(CoreProgressManager.java:170)
	at com.intellij.openapi.progress.impl.CoreProgressManager.registerIndicatorAndRun(CoreProgressManager.java:494)
	at com.intellij.openapi.progress.impl.CoreProgressManager.executeProcessUnderProgress(CoreProgressManager.java:443)
	at com.intellij.openapi.progress.impl.ProgressManagerImpl.executeProcessUnderProgress(ProgressManagerImpl.java:54)
	at com.intellij.openapi.progress.impl.CoreProgressManager.runProcess(CoreProgressManager.java:155)
	at com.intellij.openapi.progress.impl.ProgressManagerImpl$1.run(ProgressManagerImpl.java:128)
	at com.intellij.openapi.application.impl.ApplicationImpl$2.run(ApplicationImpl.java:307)
	at java.util.concurrent.Executors$RunnableAdapter.call(Executors.java:511)
	at java.util.concurrent.FutureTask.run(FutureTask.java:266)
	at java.util.concurrent.ThreadPoolExecutor.runWorker(ThreadPoolExecutor.java:1142)
	at java.util.concurrent.ThreadPoolExecutor$Worker.run(ThreadPoolExecutor.java:617)
	at java.lang.Thread.run(Thread.java:745)
[ 290633]  ERROR - lij.vcs.log.impl.VcsLogManager - IntelliJ IDEA 2016.2.5  Build #IC-162.2228.15 
[ 290633]  ERROR - lij.vcs.log.impl.VcsLogManager - JDK: 1.8.0_91 
[ 290633]  ERROR - lij.vcs.log.impl.VcsLogManager - VM: Java HotSpot(TM) 64-Bit Server VM 
[ 290633]  ERROR - lij.vcs.log.impl.VcsLogManager - Vendor: Oracle Corporation 
[ 290633]  ERROR - lij.vcs.log.impl.VcsLogManager - OS: Linux 
[ 290633]  ERROR - lij.vcs.log.impl.VcsLogManager - Last Action: CloseProject 
[ 290646]  ERROR - lij.vcs.log.impl.VcsLogManager - Fatal error, VCS Log recreated: null 
java.io.EOFException
	at java.io.DataInputStream.readUnsignedByte(DataInputStream.java:290)
	at com.intellij.util.io.DataInputOutputUtil.readINT(DataInputOutputUtil.java:44)
	at com.intellij.vcs.log.impl.HashImpl.read(HashImpl.java:48)
	at com.intellij.vcs.log.data.VcsLogHashMapImpl$MyCommitIdKeyDescriptor.read(VcsLogHashMapImpl.java:199)
	at com.intellij.vcs.log.data.VcsLogHashMapImpl$MyCommitIdKeyDescriptor.read(VcsLogHashMapImpl.java:178)
	at com.intellij.util.io.AppendableStorageBackedByResizableMappedFile.read(AppendableStorageBackedByResizableMappedFile.java:82)
	at com.intellij.util.io.PersistentEnumeratorBase.valueOf(PersistentEnumeratorBase.java:471)
	at com.intellij.util.io.PersistentEnumerator.enumerateImpl(PersistentEnumerator.java:139)
	at com.intellij.util.io.PersistentEnumeratorBase.doEnumerate(PersistentEnumeratorBase.java:291)
	at com.intellij.util.io.PersistentEnumeratorBase.enumerate(PersistentEnumeratorBase.java:313)
	at com.intellij.vcs.log.data.VcsLogHashMapImpl.getOrPut(VcsLogHashMapImpl.java:111)
	at com.intellij.vcs.log.data.VcsLogHashMapImpl.getCommitIndex(VcsLogHashMapImpl.java:117)
	at com.intellij.vcs.log.data.TopCommitsCache.getIndex(TopCommitsCache.java:40)
	at com.intellij.vcs.log.data.TopCommitsCache.storeDetails(TopCommitsCache.java:53)
	at com.intellij.vcs.log.data.VcsLogRefresherImpl.storeUsersAndDetails(VcsLogRefresherImpl.java:186)
	at com.intellij.vcs.log.data.VcsLogRefresherImpl.access$400(VcsLogRefresherImpl.java:42)
	at com.intellij.vcs.log.data.VcsLogRefresherImpl$2.each(VcsLogRefresherImpl.java:127)
	at com.intellij.vcs.log.data.VcsLogRefresherImpl$ProviderIterator.iterate(VcsLogRefresherImpl.java:385)
	at com.intellij.vcs.log.data.VcsLogRefresherImpl.loadRecentData(VcsLogRefresherImpl.java:132)
	at com.intellij.vcs.log.data.VcsLogRefresherImpl.readFirstBlock(VcsLogRefresherImpl.java:104)
	at com.intellij.vcs.log.data.VcsLogData.lambda$initialize$3(VcsLogData.java:163)
	at com.intellij.vcs.log.data.VcsLogData$1.run(VcsLogData.java:233)
	at com.intellij.openapi.progress.impl.CoreProgressManager$TaskRunnable.run(CoreProgressManager.java:635)
	at com.intellij.openapi.progress.impl.CoreProgressManager$3.run(CoreProgressManager.java:170)
	at com.intellij.openapi.progress.impl.CoreProgressManager.registerIndicatorAndRun(CoreProgressManager.java:494)
	at com.intellij.openapi.progress.impl.CoreProgressManager.executeProcessUnderProgress(CoreProgressManager.java:443)
	at com.intellij.openapi.progress.impl.ProgressManagerImpl.executeProcessUnderProgress(ProgressManagerImpl.java:54)
	at com.intellij.openapi.progress.impl.CoreProgressManager.runProcess(CoreProgressManager.java:155)
	at com.intellij.openapi.progress.impl.ProgressManagerImpl$1.run(ProgressManagerImpl.java:128)
	at com.intellij.openapi.application.impl.ApplicationImpl$2.run(ApplicationImpl.java:307)
	at java.util.concurrent.Executors$RunnableAdapter.call(Executors.java:511)
	at java.util.concurrent.FutureTask.run(FutureTask.java:266)
	at java.util.concurrent.ThreadPoolExecutor.runWorker(ThreadPoolExecutor.java:1142)
	at java.util.concurrent.ThreadPoolExecutor$Worker.run(ThreadPoolExecutor.java:617)
	at java.lang.Thread.run(Thread.java:745)
[ 290648]  ERROR - lij.vcs.log.impl.VcsLogManager - IntelliJ IDEA 2016.2.5  Build #IC-162.2228.15 
[ 290648]  ERROR - lij.vcs.log.impl.VcsLogManager - JDK: 1.8.0_91 
[ 290649]  ERROR - lij.vcs.log.impl.VcsLogManager - VM: Java HotSpot(TM) 64-Bit Server VM 
[ 290649]  ERROR - lij.vcs.log.impl.VcsLogManager - Vendor: Oracle Corporation 
[ 290649]  ERROR - lij.vcs.log.impl.VcsLogManager - OS: Linux 
[ 290649]  ERROR - lij.vcs.log.impl.VcsLogManager - Last Action: CloseProject 
[ 290795]  ERROR - lij.vcs.log.impl.VcsLogManager - Fatal error, VCS Log recreated: Can not read hash: data length is zero 
java.io.IOException: Can not read hash: data length is zero
	at com.intellij.vcs.log.impl.HashImpl.read(HashImpl.java:49)
	at com.intellij.vcs.log.data.VcsLogHashMapImpl$MyCommitIdKeyDescriptor.read(VcsLogHashMapImpl.java:199)
	at com.intellij.vcs.log.data.VcsLogHashMapImpl$MyCommitIdKeyDescriptor.read(VcsLogHashMapImpl.java:178)
	at com.intellij.util.io.AppendableStorageBackedByResizableMappedFile.read(AppendableStorageBackedByResizableMappedFile.java:90)
	at com.intellij.util.io.PersistentEnumeratorBase.valueOf(PersistentEnumeratorBase.java:471)
	at com.intellij.vcs.log.data.VcsLogHashMapImpl.doGetCommitId(VcsLogHashMapImpl.java:107)
	at com.intellij.vcs.log.data.VcsLogHashMapImpl.getCommitId(VcsLogHashMapImpl.java:129)
	at com.intellij.vcs.log.data.RefsModel.prepareRootsMap(RefsModel.java:45)
	at com.intellij.vcs.log.data.RefsModel.<init>(RefsModel.java:38)
	at com.intellij.vcs.log.data.DataPack.build(DataPack.java:58)
	at com.intellij.vcs.log.data.VcsLogRefresherImpl$MyRefreshTask.loadFullLog(VcsLogRefresherImpl.java:335)
	at com.intellij.vcs.log.data.VcsLogRefresherImpl$MyRefreshTask.doRefresh(VcsLogRefresherImpl.java:260)
	at com.intellij.vcs.log.data.VcsLogRefresherImpl$MyRefreshTask.run(VcsLogRefresherImpl.java:218)
	at com.intellij.openapi.progress.impl.CoreProgressManager$TaskRunnable.run(CoreProgressManager.java:635)
	at com.intellij.openapi.progress.impl.CoreProgressManager$3.run(CoreProgressManager.java:170)
	at com.intellij.openapi.progress.impl.CoreProgressManager.registerIndicatorAndRun(CoreProgressManager.java:494)
	at com.intellij.openapi.progress.impl.CoreProgressManager.executeProcessUnderProgress(CoreProgressManager.java:443)
	at com.intellij.openapi.progress.impl.ProgressManagerImpl.executeProcessUnderProgress(ProgressManagerImpl.java:54)
	at com.intellij.openapi.progress.impl.CoreProgressManager.runProcess(CoreProgressManager.java:155)
	at com.intellij.openapi.progress.impl.ProgressManagerImpl$1.run(ProgressManagerImpl.java:128)
	at com.intellij.openapi.application.impl.ApplicationImpl$2.run(ApplicationImpl.java:307)
	at java.util.concurrent.Executors$RunnableAdapter.call(Executors.java:511)
	at java.util.concurrent.FutureTask.run(FutureTask.java:266)
	at java.util.concurrent.ThreadPoolExecutor.runWorker(ThreadPoolExecutor.java:1142)
	at java.util.concurrent.ThreadPoolExecutor$Worker.run(ThreadPoolExecutor.java:617)
	at java.lang.Thread.run(Thread.java:745)
[ 290796]  ERROR - lij.vcs.log.impl.VcsLogManager - IntelliJ IDEA 2016.2.5  Build #IC-162.2228.15 
[ 290796]  ERROR - lij.vcs.log.impl.VcsLogManager - JDK: 1.8.0_91 
[ 290797]  ERROR - lij.vcs.log.impl.VcsLogManager - VM: Java HotSpot(TM) 64-Bit Server VM 
[ 290797]  ERROR - lij.vcs.log.impl.VcsLogManager - Vendor: Oracle Corporation 
[ 290797]  ERROR - lij.vcs.log.impl.VcsLogManager - OS: Linux 
[ 290797]  ERROR - lij.vcs.log.impl.VcsLogManager - Last Action: CloseProject 
[ 297693]  ERROR - lij.vcs.log.impl.VcsLogManager - Fatal error, VCS Log recreated: null 
java.io.EOFException
	at java.io.DataInputStream.readUnsignedByte(DataInputStream.java:290)
	at com.intellij.util.io.DataInputOutputUtil.readINT(DataInputOutputUtil.java:44)
	at com.intellij.vcs.log.impl.HashImpl.read(HashImpl.java:48)
	at com.intellij.vcs.log.data.VcsLogHashMapImpl$MyCommitIdKeyDescriptor.read(VcsLogHashMapImpl.java:199)
	at com.intellij.vcs.log.data.VcsLogHashMapImpl$MyCommitIdKeyDescriptor.read(VcsLogHashMapImpl.java:178)
	at com.intellij.util.io.AppendableStorageBackedByResizableMappedFile.read(AppendableStorageBackedByResizableMappedFile.java:82)
	at com.intellij.util.io.PersistentEnumeratorBase.valueOf(PersistentEnumeratorBase.java:471)
	at com.intellij.util.io.PersistentEnumerator.enumerateImpl(PersistentEnumerator.java:139)
	at com.intellij.util.io.PersistentEnumeratorBase.doEnumerate(PersistentEnumeratorBase.java:291)
	at com.intellij.util.io.PersistentEnumeratorBase.enumerate(PersistentEnumeratorBase.java:313)
	at com.intellij.vcs.log.data.VcsLogHashMapImpl.getOrPut(VcsLogHashMapImpl.java:111)
	at com.intellij.vcs.log.data.VcsLogHashMapImpl.getCommitIndex(VcsLogHashMapImpl.java:117)
	at com.intellij.vcs.log.data.TopCommitsCache.getIndex(TopCommitsCache.java:40)
	at com.intellij.vcs.log.data.TopCommitsCache.storeDetails(TopCommitsCache.java:53)
	at com.intellij.vcs.log.data.VcsLogRefresherImpl.storeUsersAndDetails(VcsLogRefresherImpl.java:186)
	at com.intellij.vcs.log.data.VcsLogRefresherImpl.access$400(VcsLogRefresherImpl.java:42)
	at com.intellij.vcs.log.data.VcsLogRefresherImpl$2.each(VcsLogRefresherImpl.java:127)
	at com.intellij.vcs.log.data.VcsLogRefresherImpl$ProviderIterator.iterate(VcsLogRefresherImpl.java:385)
	at com.intellij.vcs.log.data.VcsLogRefresherImpl.loadRecentData(VcsLogRefresherImpl.java:132)
	at com.intellij.vcs.log.data.VcsLogRefresherImpl.readFirstBlock(VcsLogRefresherImpl.java:104)
	at com.intellij.vcs.log.data.VcsLogData.lambda$initialize$3(VcsLogData.java:163)
	at com.intellij.vcs.log.data.VcsLogData$1.run(VcsLogData.java:233)
	at com.intellij.openapi.progress.impl.CoreProgressManager$TaskRunnable.run(CoreProgressManager.java:635)
	at com.intellij.openapi.progress.impl.CoreProgressManager$3.run(CoreProgressManager.java:170)
	at com.intellij.openapi.progress.impl.CoreProgressManager.registerIndicatorAndRun(CoreProgressManager.java:494)
	at com.intellij.openapi.progress.impl.CoreProgressManager.executeProcessUnderProgress(CoreProgressManager.java:443)
	at com.intellij.openapi.progress.impl.ProgressManagerImpl.executeProcessUnderProgress(ProgressManagerImpl.java:54)
	at com.intellij.openapi.progress.impl.CoreProgressManager.runProcess(CoreProgressManager.java:155)
	at com.intellij.openapi.progress.impl.ProgressManagerImpl$1.run(ProgressManagerImpl.java:128)
	at com.intellij.openapi.application.impl.ApplicationImpl$2.run(ApplicationImpl.java:307)
	at java.util.concurrent.Executors$RunnableAdapter.call(Executors.java:511)
	at java.util.concurrent.FutureTask.run(FutureTask.java:266)
	at java.util.concurrent.ThreadPoolExecutor.runWorker(ThreadPoolExecutor.java:1142)
	at java.util.concurrent.ThreadPoolExecutor$Worker.run(ThreadPoolExecutor.java:617)
	at java.lang.Thread.run(Thread.java:745)
[ 297696]  ERROR - lij.vcs.log.impl.VcsLogManager - IntelliJ IDEA 2016.2.5  Build #IC-162.2228.15 
[ 297696]  ERROR - lij.vcs.log.impl.VcsLogManager - JDK: 1.8.0_91 
[ 297697]  ERROR - lij.vcs.log.impl.VcsLogManager - VM: Java HotSpot(TM) 64-Bit Server VM 
[ 297697]  ERROR - lij.vcs.log.impl.VcsLogManager - Vendor: Oracle Corporation 
[ 297697]  ERROR - lij.vcs.log.impl.VcsLogManager - OS: Linux 
[ 297697]  ERROR - lij.vcs.log.impl.VcsLogManager - Last Action: CloseProject 
[ 297700]  ERROR - lij.vcs.log.impl.VcsLogManager - Fatal error, VCS Log recreated: null 
java.io.EOFException
	at java.io.DataInputStream.readUnsignedByte(DataInputStream.java:290)
	at com.intellij.util.io.DataInputOutputUtil.readINT(DataInputOutputUtil.java:44)
	at com.intellij.vcs.log.impl.HashImpl.read(HashImpl.java:48)
	at com.intellij.vcs.log.data.VcsLogHashMapImpl$MyCommitIdKeyDescriptor.read(VcsLogHashMapImpl.java:199)
	at com.intellij.vcs.log.data.VcsLogHashMapImpl$MyCommitIdKeyDescriptor.read(VcsLogHashMapImpl.java:178)
	at com.intellij.util.io.AppendableStorageBackedByResizableMappedFile.read(AppendableStorageBackedByResizableMappedFile.java:82)
	at com.intellij.util.io.PersistentEnumeratorBase.valueOf(PersistentEnumeratorBase.java:471)
	at com.intellij.util.io.PersistentEnumerator.enumerateImpl(PersistentEnumerator.java:139)
	at com.intellij.util.io.PersistentEnumeratorBase.doEnumerate(PersistentEnumeratorBase.java:291)
	at com.intellij.util.io.PersistentEnumeratorBase.enumerate(PersistentEnumeratorBase.java:313)
	at com.intellij.vcs.log.data.VcsLogHashMapImpl.getOrPut(VcsLogHashMapImpl.java:111)
	at com.intellij.vcs.log.data.VcsLogHashMapImpl.getCommitIndex(VcsLogHashMapImpl.java:117)
	at com.intellij.vcs.log.data.TopCommitsCache.getIndex(TopCommitsCache.java:40)
	at com.intellij.vcs.log.data.TopCommitsCache.storeDetails(TopCommitsCache.java:53)
	at com.intellij.vcs.log.data.VcsLogRefresherImpl.storeUsersAndDetails(VcsLogRefresherImpl.java:186)
	at com.intellij.vcs.log.data.VcsLogRefresherImpl.access$400(VcsLogRefresherImpl.java:42)
	at com.intellij.vcs.log.data.VcsLogRefresherImpl$2.each(VcsLogRefresherImpl.java:127)
	at com.intellij.vcs.log.data.VcsLogRefresherImpl$ProviderIterator.iterate(VcsLogRefresherImpl.java:385)
	at com.intellij.vcs.log.data.VcsLogRefresherImpl.loadRecentData(VcsLogRefresherImpl.java:132)
	at com.intellij.vcs.log.data.VcsLogRefresherImpl.readFirstBlock(VcsLogRefresherImpl.java:104)
	at com.intellij.vcs.log.data.VcsLogData.lambda$initialize$3(VcsLogData.java:163)
	at com.intellij.vcs.log.data.VcsLogData$1.run(VcsLogData.java:233)
	at com.intellij.openapi.progress.impl.CoreProgressManager$TaskRunnable.run(CoreProgressManager.java:635)
	at com.intellij.openapi.progress.impl.CoreProgressManager$3.run(CoreProgressManager.java:170)
	at com.intellij.openapi.progress.impl.CoreProgressManager.registerIndicatorAndRun(CoreProgressManager.java:494)
	at com.intellij.openapi.progress.impl.CoreProgressManager.executeProcessUnderProgress(CoreProgressManager.java:443)
	at com.intellij.openapi.progress.impl.ProgressManagerImpl.executeProcessUnderProgress(ProgressManagerImpl.java:54)
	at com.intellij.openapi.progress.impl.CoreProgressManager.runProcess(CoreProgressManager.java:155)
	at com.intellij.openapi.progress.impl.ProgressManagerImpl$1.run(ProgressManagerImpl.java:128)
	at com.intellij.openapi.application.impl.ApplicationImpl$2.run(ApplicationImpl.java:307)
	at java.util.concurrent.Executors$RunnableAdapter.call(Executors.java:511)
	at java.util.concurrent.FutureTask.run(FutureTask.java:266)
	at java.util.concurrent.ThreadPoolExecutor.runWorker(ThreadPoolExecutor.java:1142)
	at java.util.concurrent.ThreadPoolExecutor$Worker.run(ThreadPoolExecutor.java:617)
	at java.lang.Thread.run(Thread.java:745)
[ 297703]  ERROR - lij.vcs.log.impl.VcsLogManager - IntelliJ IDEA 2016.2.5  Build #IC-162.2228.15 
[ 297703]  ERROR - lij.vcs.log.impl.VcsLogManager - JDK: 1.8.0_91 
[ 297703]  ERROR - lij.vcs.log.impl.VcsLogManager - VM: Java HotSpot(TM) 64-Bit Server VM 
[ 297703]  ERROR - lij.vcs.log.impl.VcsLogManager - Vendor: Oracle Corporation 
[ 297703]  ERROR - lij.vcs.log.impl.VcsLogManager - OS: Linux 
[ 297703]  ERROR - lij.vcs.log.impl.VcsLogManager - Last Action: CloseProject 
[ 107265]  ERROR - jediterm.terminal.TerminalMode - Mode EightBitInput is not implemented, setting to true 
[4353852]  ERROR - rm.terminal.model.JediTerminal - Unsupported erase in display mode:3 
[5314808]  ERROR - rm.terminal.model.JediTerminal - Unsupported erase in display mode:3 
[5495263]  ERROR - rm.terminal.model.JediTerminal - Unsupported erase in display mode:3 
[5570878]  ERROR - rm.terminal.model.JediTerminal - Unsupported erase in display mode:3 
[6343377]  ERROR - rm.terminal.model.JediTerminal - Unsupported erase in display mode:3 
[6524266]  ERROR - rm.terminal.model.JediTerminal - Unsupported erase in display mode:3 
[6768692]  ERROR - rm.terminal.model.JediTerminal - Unsupported erase in display mode:3 
[9164157]  ERROR - jediterm.terminal.TerminalMode - Mode EightBitInput is not implemented, setting to true 
[10532564]  ERROR - rm.terminal.model.JediTerminal - Unsupported erase in display mode:3 
[13512720]   WARN - ConfigurableExtensionPointUtil - ignore deprecated groupId: editor for id: editor.preferences.import 
[13788361]  ERROR - rm.terminal.model.JediTerminal - Unsupported erase in display mode:3 
[15240559]   WARN - ConfigurableExtensionPointUtil - ignore deprecated groupId: editor for id: editor.preferences.import 
[15817482]   WARN - ution.process.OSProcessHandler - Process has been already terminated: /usr/local/jdk1.8.0_91/bin/java -agentlib:jdwp=transport=dt_socket,address=127.0.0.1:36485,suspend=y,server=n -ea -Didea.junit.sm_runner -Dfile.encoding=UTF-8 -classpath /usr/local/idea-IC-162.2228.15/lib/idea_rt.jar:/usr/local/idea-IC-162.2228.15/plugins/junit/lib/junit-rt.jar:/usr/local/jdk1.8.0_91/jre/lib/charsets.jar:/usr/local/jdk1.8.0_91/jre/lib/deploy.jar:/usr/local/jdk1.8.0_91/jre/lib/ext/cldrdata.jar:/usr/local/jdk1.8.0_91/jre/lib/ext/dnsns.jar:/usr/local/jdk1.8.0_91/jre/lib/ext/jaccess.jar:/usr/local/jdk1.8.0_91/jre/lib/ext/jfxrt.jar:/usr/local/jdk1.8.0_91/jre/lib/ext/localedata.jar:/usr/local/jdk1.8.0_91/jre/lib/ext/nashorn.jar:/usr/local/jdk1.8.0_91/jre/lib/ext/sunec.jar:/usr/local/jdk1.8.0_91/jre/lib/ext/sunjce_provider.jar:/usr/local/jdk1.8.0_91/jre/lib/ext/sunpkcs11.jar:/usr/local/jdk1.8.0_91/jre/lib/ext/zipfs.jar:/usr/local/jdk1.8.0_91/jre/lib/javaws.jar:/usr/local/jdk1.8.0_91/jre/lib/jce.jar:/usr/local/jdk1.8.0_91/jre/lib/jfr.jar:/usr/local/jdk1.8.0_91/jre/lib/jfxswt.jar:/usr/local/jdk1.8.0_91/jre/lib/jsse.jar:/usr/local/jdk1.8.0_91/jre/lib/management-agent.jar:/usr/local/jdk1.8.0_91/jre/lib/plugin.jar:/usr/local/jdk1.8.0_91/jre/lib/resources.jar:/usr/local/jdk1.8.0_91/jre/lib/rt.jar:/home/jjh/pros/java_pros/card_recycle/target/test-classes:/home/jjh/pros/java_pros/card_recycle/target/classes:/home/jjh/.m2/repository/junit/junit/4.12/junit-4.12.jar:/home/jjh/.m2/repository/org/hamcrest/hamcrest-core/1.3/hamcrest-core-1.3.jar:/home/jjh/.m2/repository/org/springframework/boot/spring-boot-starter-web/1.4.3.RELEASE/spring-boot-starter-web-1.4.3.RELEASE.jar:/home/jjh/.m2/repository/org/springframework/boot/spring-boot-starter/1.4.3.RELEASE/spring-boot-starter-1.4.3.RELEASE.jar:/home/jjh/.m2/repository/org/springframework/boot/spring-boot/1.4.3.RELEASE/spring-boot-1.4.3.RELEASE.jar:/home/jjh/.m2/repository/org/springframework/spring-core/4.3.5.RELEASE/spring-core-4.3.5.RELEASE.jar:/home/jjh/.m2/repository/org/springframework/spring-context/4.3.5.RELEASE/spring-context-4.3.5.RELEASE.jar:/home/jjh/.m2/repository/org/springframework/boot/spring-boot-autoconfigure/1.4.3.RELEASE/spring-boot-autoconfigure-1.4.3.RELEASE.jar:/home/jjh/.m2/repository/org/springframework/boot/spring-boot-starter-logging/1.4.3.RELEASE/spring-boot-starter-logging-1.4.3.RELEASE.jar:/home/jjh/.m2/repository/ch/qos/logback/logback-classic/1.1.8/logback-classic-1.1.8.jar:/home/jjh/.m2/repository/ch/qos/logback/logback-core/1.1.8/logback-core-1.1.8.jar:/home/jjh/.m2/repository/org/slf4j/slf4j-api/1.7.22/slf4j-api-1.7.22.jar:/home/jjh/.m2/repository/org/slf4j/jcl-over-slf4j/1.7.22/jcl-over-slf4j-1.7.22.jar:/home/jjh/.m2/repository/org/slf4j/jul-to-slf4j/1.7.22/jul-to-slf4j-1.7.22.jar:/home/jjh/.m2/repository/org/slf4j/log4j-over-slf4j/1.7.22/log4j-over-slf4j-1.7.22.jar:/home/jjh/.m2/repository/org/yaml/snakeyaml/1.17/snakeyaml-1.17.jar:/home/jjh/.m2/repository/org/springframework/boot/spring-boot-starter-tomcat/1.4.3.RELEASE/spring-boot-starter-tomcat-1.4.3.RELEASE.jar:/home/jjh/.m2/repository/org/hibernate/hibernate-validator/5.2.4.Final/hibernate-validator-5.2.4.Final.jar:/home/jjh/.m2/repository/javax/validation/validation-api/1.1.0.Final/validation-api-1.1.0.Final.jar:/home/jjh/.m2/repository/org/jboss/logging/jboss-logging/3.3.0.Final/jboss-logging-3.3.0.Final.jar:/home/jjh/.m2/repository/com/fasterxml/classmate/1.3.3/classmate-1.3.3.jar:/home/jjh/.m2/repository/com/fasterxml/jackson/core/jackson-databind/2.8.5/jackson-databind-2.8.5.jar:/home/jjh/.m2/repository/com/fasterxml/jackson/core/jackson-annotations/2.8.5/jackson-annotations-2.8.5.jar:/home/jjh/.m2/repository/com/fasterxml/jackson/core/jackson-core/2.8.5/jackson-core-2.8.5.jar:/home/jjh/.m2/repository/org/springframework/spring-web/4.3.5.RELEASE/spring-web-4.3.5.RELEASE.jar:/home/jjh/.m2/repository/org/springframework/spring-aop/4.3.5.RELEASE/spring-aop-4.3.5.RELEASE.jar:/home/jjh/.m2/repository/org/springframework/spring-beans/4.3.5.RELEASE/spring-beans-4.3.5.RELEASE.jar:/home/jjh/.m2/repository/org/springframework/spring-webmvc/4.3.5.RELEASE/spring-webmvc-4.3.5.RELEASE.jar:/home/jjh/.m2/repository/org/springframework/spring-expression/4.3.5.RELEASE/spring-expression-4.3.5.RELEASE.jar:/home/jjh/.m2/repository/org/apache/tomcat/embed/tomcat-embed-core/8.5.6/tomcat-embed-core-8.5.6.jar:/home/jjh/.m2/repository/org/apache/tomcat/embed/tomcat-embed-el/8.5.6/tomcat-embed-el-8.5.6.jar:/home/jjh/.m2/repository/org/apache/tomcat/embed/tomcat-embed-websocket/8.5.6/tomcat-embed-websocket-8.5.6.jar:/home/jjh/.m2/repository/org/mybatis/mybatis/3.4.1/mybatis-3.4.1.jar:/home/jjh/.m2/repository/log4j/log4j/1.2.17/log4j-1.2.17.jar:/home/jjh/.m2/repository/mysql/mysql-connector-java/5.1.29/mysql-connector-java-5.1.29.jar:/home/jjh/.m2/repository/com/google/code/gson/gson/2.3.1/gson-2.3.1.jar:/home/jjh/.m2/repository/commons-codec/commons-codec/1.10/commons-codec-1.10.jar:/home/jjh/.m2/repository/org/apache/httpcomponents/httpclient/4.5/httpclient-4.5.jar:/home/jjh/.m2/repository/org/apache/httpcomponents/httpcore/4.4.5/httpcore-4.4.5.jar:/home/jjh/.m2/repository/javax/servlet/javax.servlet-api/3.1.0/javax.servlet-api-3.1.0.jar:/home/jjh/.m2/repository/org/apache/tomcat/tomcat-servlet-api/8.0.36/tomcat-servlet-api-8.0.36.jar com.intellij.rt.execution.junit.JUnitStarter -ideVersion5 com.tqmars.test.infrastructure.util.TestUtil,testMapper 
[15888969]   WARN - ution.process.OSProcessHandler - Process has been already terminated: /usr/local/jdk1.8.0_91/bin/java -agentlib:jdwp=transport=dt_socket,address=127.0.0.1:38434,suspend=y,server=n -ea -Didea.junit.sm_runner -Dfile.encoding=UTF-8 -classpath /usr/local/idea-IC-162.2228.15/lib/idea_rt.jar:/usr/local/idea-IC-162.2228.15/plugins/junit/lib/junit-rt.jar:/usr/local/jdk1.8.0_91/jre/lib/charsets.jar:/usr/local/jdk1.8.0_91/jre/lib/deploy.jar:/usr/local/jdk1.8.0_91/jre/lib/ext/cldrdata.jar:/usr/local/jdk1.8.0_91/jre/lib/ext/dnsns.jar:/usr/local/jdk1.8.0_91/jre/lib/ext/jaccess.jar:/usr/local/jdk1.8.0_91/jre/lib/ext/jfxrt.jar:/usr/local/jdk1.8.0_91/jre/lib/ext/localedata.jar:/usr/local/jdk1.8.0_91/jre/lib/ext/nashorn.jar:/usr/local/jdk1.8.0_91/jre/lib/ext/sunec.jar:/usr/local/jdk1.8.0_91/jre/lib/ext/sunjce_provider.jar:/usr/local/jdk1.8.0_91/jre/lib/ext/sunpkcs11.jar:/usr/local/jdk1.8.0_91/jre/lib/ext/zipfs.jar:/usr/local/jdk1.8.0_91/jre/lib/javaws.jar:/usr/local/jdk1.8.0_91/jre/lib/jce.jar:/usr/local/jdk1.8.0_91/jre/lib/jfr.jar:/usr/local/jdk1.8.0_91/jre/lib/jfxswt.jar:/usr/local/jdk1.8.0_91/jre/lib/jsse.jar:/usr/local/jdk1.8.0_91/jre/lib/management-agent.jar:/usr/local/jdk1.8.0_91/jre/lib/plugin.jar:/usr/local/jdk1.8.0_91/jre/lib/resources.jar:/usr/local/jdk1.8.0_91/jre/lib/rt.jar:/home/jjh/pros/java_pros/card_recycle/target/test-classes:/home/jjh/pros/java_pros/card_recycle/target/classes:/home/jjh/.m2/repository/junit/junit/4.12/junit-4.12.jar:/home/jjh/.m2/repository/org/hamcrest/hamcrest-core/1.3/hamcrest-core-1.3.jar:/home/jjh/.m2/repository/org/springframework/boot/spring-boot-starter-web/1.4.3.RELEASE/spring-boot-starter-web-1.4.3.RELEASE.jar:/home/jjh/.m2/repository/org/springframework/boot/spring-boot-starter/1.4.3.RELEASE/spring-boot-starter-1.4.3.RELEASE.jar:/home/jjh/.m2/repository/org/springframework/boot/spring-boot/1.4.3.RELEASE/spring-boot-1.4.3.RELEASE.jar:/home/jjh/.m2/repository/org/springframework/spring-core/4.3.5.RELEASE/spring-core-4.3.5.RELEASE.jar:/home/jjh/.m2/repository/org/springframework/spring-context/4.3.5.RELEASE/spring-context-4.3.5.RELEASE.jar:/home/jjh/.m2/repository/org/springframework/boot/spring-boot-autoconfigure/1.4.3.RELEASE/spring-boot-autoconfigure-1.4.3.RELEASE.jar:/home/jjh/.m2/repository/org/springframework/boot/spring-boot-starter-logging/1.4.3.RELEASE/spring-boot-starter-logging-1.4.3.RELEASE.jar:/home/jjh/.m2/repository/ch/qos/logback/logback-classic/1.1.8/logback-classic-1.1.8.jar:/home/jjh/.m2/repository/ch/qos/logback/logback-core/1.1.8/logback-core-1.1.8.jar:/home/jjh/.m2/repository/org/slf4j/slf4j-api/1.7.22/slf4j-api-1.7.22.jar:/home/jjh/.m2/repository/org/slf4j/jcl-over-slf4j/1.7.22/jcl-over-slf4j-1.7.22.jar:/home/jjh/.m2/repository/org/slf4j/jul-to-slf4j/1.7.22/jul-to-slf4j-1.7.22.jar:/home/jjh/.m2/repository/org/slf4j/log4j-over-slf4j/1.7.22/log4j-over-slf4j-1.7.22.jar:/home/jjh/.m2/repository/org/yaml/snakeyaml/1.17/snakeyaml-1.17.jar:/home/jjh/.m2/repository/org/springframework/boot/spring-boot-starter-tomcat/1.4.3.RELEASE/spring-boot-starter-tomcat-1.4.3.RELEASE.jar:/home/jjh/.m2/repository/org/hibernate/hibernate-validator/5.2.4.Final/hibernate-validator-5.2.4.Final.jar:/home/jjh/.m2/repository/javax/validation/validation-api/1.1.0.Final/validation-api-1.1.0.Final.jar:/home/jjh/.m2/repository/org/jboss/logging/jboss-logging/3.3.0.Final/jboss-logging-3.3.0.Final.jar:/home/jjh/.m2/repository/com/fasterxml/classmate/1.3.3/classmate-1.3.3.jar:/home/jjh/.m2/repository/com/fasterxml/jackson/core/jackson-databind/2.8.5/jackson-databind-2.8.5.jar:/home/jjh/.m2/repository/com/fasterxml/jackson/core/jackson-annotations/2.8.5/jackson-annotations-2.8.5.jar:/home/jjh/.m2/repository/com/fasterxml/jackson/core/jackson-core/2.8.5/jackson-core-2.8.5.jar:/home/jjh/.m2/repository/org/springframework/spring-web/4.3.5.RELEASE/spring-web-4.3.5.RELEASE.jar:/home/jjh/.m2/repository/org/springframework/spring-aop/4.3.5.RELEASE/spring-aop-4.3.5.RELEASE.jar:/home/jjh/.m2/repository/org/springframework/spring-beans/4.3.5.RELEASE/spring-beans-4.3.5.RELEASE.jar:/home/jjh/.m2/repository/org/springframework/spring-webmvc/4.3.5.RELEASE/spring-webmvc-4.3.5.RELEASE.jar:/home/jjh/.m2/repository/org/springframework/spring-expression/4.3.5.RELEASE/spring-expression-4.3.5.RELEASE.jar:/home/jjh/.m2/repository/org/apache/tomcat/embed/tomcat-embed-core/8.5.6/tomcat-embed-core-8.5.6.jar:/home/jjh/.m2/repository/org/apache/tomcat/embed/tomcat-embed-el/8.5.6/tomcat-embed-el-8.5.6.jar:/home/jjh/.m2/repository/org/apache/tomcat/embed/tomcat-embed-websocket/8.5.6/tomcat-embed-websocket-8.5.6.jar:/home/jjh/.m2/repository/org/mybatis/mybatis/3.4.1/mybatis-3.4.1.jar:/home/jjh/.m2/repository/log4j/log4j/1.2.17/log4j-1.2.17.jar:/home/jjh/.m2/repository/mysql/mysql-connector-java/5.1.29/mysql-connector-java-5.1.29.jar:/home/jjh/.m2/repository/com/google/code/gson/gson/2.3.1/gson-2.3.1.jar:/home/jjh/.m2/repository/commons-codec/commons-codec/1.10/commons-codec-1.10.jar:/home/jjh/.m2/repository/org/apache/httpcomponents/httpclient/4.5/httpclient-4.5.jar:/home/jjh/.m2/repository/org/apache/httpcomponents/httpcore/4.4.5/httpcore-4.4.5.jar:/home/jjh/.m2/repository/javax/servlet/javax.servlet-api/3.1.0/javax.servlet-api-3.1.0.jar:/home/jjh/.m2/repository/org/apache/tomcat/tomcat-servlet-api/8.0.36/tomcat-servlet-api-8.0.36.jar com.intellij.rt.execution.junit.JUnitStarter -ideVersion5 com.tqmars.test.infrastructure.util.TestUtil,testMapper 
[17118665]   WARN - ConfigurableExtensionPointUtil - ignore deprecated groupId: editor for id: editor.preferences.import 
[28323272]   WARN - ConfigurableExtensionPointUtil - ignore deprecated groupId: editor for id: editor.preferences.import 
[32547896]  ERROR - llij.ide.plugins.PluginManager - sun.awt.image.BufImgSurfaceData cannot be cast to sun.java2d.xr.XRSurfaceData 
java.lang.ClassCastException: sun.awt.image.BufImgSurfaceData cannot be cast to sun.java2d.xr.XRSurfaceData
	at sun.java2d.xr.XRPMBlitLoops.cacheToTmpSurface(XRPMBlitLoops.java:145)
	at sun.java2d.xr.XrSwToPMBlit.Blit(XRPMBlitLoops.java:353)
	at sun.java2d.pipe.DrawImage.blitSurfaceData(DrawImage.java:959)
	at sun.java2d.pipe.DrawImage.renderImageCopy(DrawImage.java:577)
	at sun.java2d.pipe.DrawImage.copyImage(DrawImage.java:67)
	at sun.java2d.pipe.DrawImage.copyImage(DrawImage.java:1014)
	at sun.java2d.SunGraphics2D.drawImage(SunGraphics2D.java:3318)
	at sun.java2d.SunGraphics2D.drawImage(SunGraphics2D.java:3296)
	at javax.swing.RepaintManager$PaintManager.paintDoubleBuffered(RepaintManager.java:1589)
	at javax.swing.RepaintManager$PaintManager.paint(RepaintManager.java:1502)
	at javax.swing.RepaintManager.paint(RepaintManager.java:1272)
	at javax.swing.JComponent.paint(JComponent.java:1042)
	at java.awt.GraphicsCallback$PaintCallback.run(GraphicsCallback.java:39)
	at sun.awt.SunGraphicsCallback.runOneComponent(SunGraphicsCallback.java:79)
	at sun.awt.SunGraphicsCallback.runComponents(SunGraphicsCallback.java:116)
	at java.awt.Container.paint(Container.java:1975)
	at java.awt.Window.paint(Window.java:3912)
	at com.intellij.openapi.wm.impl.IdeFrameImpl.paint(IdeFrameImpl.java:532)
	at javax.swing.RepaintManager$4.run(RepaintManager.java:842)
	at javax.swing.RepaintManager$4.run(RepaintManager.java:814)
	at java.security.AccessController.doPrivileged(Native Method)
	at java.security.ProtectionDomain$JavaSecurityAccessImpl.doIntersectionPrivilege(ProtectionDomain.java:76)
	at javax.swing.RepaintManager.paintDirtyRegions(RepaintManager.java:814)
	at javax.swing.RepaintManager.paintDirtyRegions(RepaintManager.java:789)
	at javax.swing.RepaintManager.prePaintDirtyRegions(RepaintManager.java:738)
	at javax.swing.RepaintManager.access$1200(RepaintManager.java:64)
	at javax.swing.RepaintManager$ProcessingRunnable.run(RepaintManager.java:1732)
	at java.awt.event.InvocationEvent.dispatch(InvocationEvent.java:311)
	at java.awt.EventQueue.dispatchEventImpl(EventQueue.java:756)
	at java.awt.EventQueue.access$500(EventQueue.java:97)
	at java.awt.EventQueue$3.run(EventQueue.java:709)
	at java.awt.EventQueue$3.run(EventQueue.java:703)
	at java.security.AccessController.doPrivileged(Native Method)
	at java.security.ProtectionDomain$JavaSecurityAccessImpl.doIntersectionPrivilege(ProtectionDomain.java:76)
	at java.awt.EventQueue.dispatchEvent(EventQueue.java:726)
	at com.intellij.ide.IdeEventQueue.defaultDispatchEvent(IdeEventQueue.java:795)
	at com.intellij.ide.IdeEventQueue._dispatchEvent(IdeEventQueue.java:631)
	at com.intellij.ide.IdeEventQueue.dispatchEvent(IdeEventQueue.java:387)
	at java.awt.EventDispatchThread.pumpOneEventForFilters(EventDispatchThread.java:201)
	at java.awt.EventDispatchThread.pumpEventsForFilter(EventDispatchThread.java:116)
	at java.awt.EventDispatchThread.pumpEventsForHierarchy(EventDispatchThread.java:105)
	at java.awt.EventDispatchThread.pumpEvents(EventDispatchThread.java:101)
	at java.awt.EventDispatchThread.pumpEvents(EventDispatchThread.java:93)
	at java.awt.EventDispatchThread.run(EventDispatchThread.java:82)
[32547954]  ERROR - llij.ide.plugins.PluginManager - IntelliJ IDEA 2016.2.5  Build #IC-162.2228.15 
[32547955]  ERROR - llij.ide.plugins.PluginManager - JDK: 1.8.0_91 
[32547955]  ERROR - llij.ide.plugins.PluginManager - VM: Java HotSpot(TM) 64-Bit Server VM 
[32547955]  ERROR - llij.ide.plugins.PluginManager - Vendor: Oracle Corporation 
[32547956]  ERROR - llij.ide.plugins.PluginManager - OS: Linux 
[32547956]  ERROR - llij.ide.plugins.PluginManager - Last Action: SaveAll 
[40856894]   WARN - ConfigurableExtensionPointUtil - ignore deprecated groupId: editor for id: editor.preferences.import 
[WARNING] The POM for javax.servlet:javax.servlet-api:jar: is missing, no dependency information available
[WARNING] The POM for javax.servlet:javax.servlet-api:jar:${} is missing, no dependency information available
[43597872]  ERROR - rm.terminal.model.JediTerminal - Unsupported erase in display mode:3 
[44133622]  ERROR - rm.terminal.model.JediTerminal - Unsupported erase in display mode:3 
[44998632]   WARN - pl.local.NativeFileWatcherImpl - Watcher terminated with exit code 143 
